<?xml version="1.0" encoding="UTF-8"?>
<!-- Generated by org.testng.reporters.JUnitXMLReporter -->
<testsuite ignored="0" hostname="LAPTOP-EH8RU0OB" failures="3" tests="4" name="Test(failed)" time="98.098" errors="0" timestamp="2025-12-24T12:58:52 IST">
  <testcase classname="testCases.TC_003LoginDDT" name="Verify_Login" time="22.899">
    <failure type="java.lang.AssertionError" message="null">
      <![CDATA[java.lang.AssertionError: null
at testCases.TC_003LoginDDT.Verify_Login(TC_003LoginDDT.java:50)
at java.base/java.util.ArrayList.forEach(ArrayList.java:1511)
... Removed 27 stack frames]]>
    </failure>
  </testcase> <!-- Verify_Login -->
  <testcase classname="testCases.TC_003LoginDDT" name="Verify_Login" time="22.745">
    <failure type="java.lang.AssertionError" message="null">
      <![CDATA[java.lang.AssertionError: null
at testCases.TC_003LoginDDT.Verify_Login(TC_003LoginDDT.java:50)
at java.base/java.util.ArrayList.forEach(ArrayList.java:1511)
... Removed 27 stack frames]]>
    </failure>
  </testcase> <!-- Verify_Login -->
  <testcase classname="testCases.TC_003LoginDDT" name="Verify_Login" time="26.52">
    <failure type="java.lang.AssertionError" message="null">
      <![CDATA[java.lang.AssertionError: null
at testCases.TC_003LoginDDT.Verify_Login(TC_003LoginDDT.java:50)
at java.base/java.util.ArrayList.forEach(ArrayList.java:1511)
... Removed 27 stack frames]]>
    </failure>
  </testcase> <!-- Verify_Login -->
  <testcase classname="testCases.TC_003LoginDDT" name="Verify_Login" time="6.611"/>
</testsuite> <!-- Test(failed) -->
