<?xml version="1.0" encoding="UTF-8"?>
<testng-results ignored="0" total="2" passed="2" failed="0" skipped="0">
  <reporter-output>
  </reporter-output>
  <suite started-at="2025-12-25T17:36:48 IST" name="Suite" finished-at="2025-12-25T17:37:09 IST" duration-ms="20902">
    <groups>
      <group name="Master">
        <method signature="TC_001ActRegTest.VerifyActReg()[pri:0, instance:testCases.TC_001ActRegTest@7fa98a66]" name="VerifyActReg" class="testCases.TC_001ActRegTest"/>
        <method signature="TC_002LoginTest.loginTest()[pri:0, instance:testCases.TC_002LoginTest@3ce1e309]" name="loginTest" class="testCases.TC_002LoginTest"/>
      </group> <!-- Master -->
      <group name="Sanity">
        <method signature="TC_001ActRegTest.VerifyActReg()[pri:0, instance:testCases.TC_001ActRegTest@7fa98a66]" name="VerifyActReg" class="testCases.TC_001ActRegTest"/>
      </group> <!-- Sanity -->
      <group name="Regression">
        <method signature="TC_002LoginTest.loginTest()[pri:0, instance:testCases.TC_002LoginTest@3ce1e309]" name="loginTest" class="testCases.TC_002LoginTest"/>
      </group> <!-- Regression -->
    </groups>
    <test started-at="2025-12-25T17:36:48 IST" name="Test" finished-at="2025-12-25T17:37:09 IST" duration-ms="20902">
      <class name="testCases.TC_001ActRegTest">
        <test-method is-config="true" signature="setUp(java.lang.String,java.lang.String)[pri:0, instance:testCases.TC_001ActRegTest@7fa98a66]" started-at="2025-12-25T17:36:48 IST" name="setUp" finished-at="2025-12-25T17:36:59 IST" duration-ms="10741" status="PASS">
          <params>
            <param index="0">
              <value>
                <![CDATA[windows]]>
              </value>
            </param>
            <param index="1">
              <value>
                <![CDATA[chrome]]>
              </value>
            </param>
          </params>
          <reporter-output>
          </reporter-output>
        </test-method> <!-- setUp -->
        <test-method signature="VerifyActReg()[pri:0, instance:testCases.TC_001ActRegTest@7fa98a66]" started-at="2025-12-25T17:36:59 IST" name="VerifyActReg" finished-at="2025-12-25T17:37:03 IST" duration-ms="4383" status="PASS">
          <reporter-output>
          </reporter-output>
        </test-method> <!-- VerifyActReg -->
        <test-method is-config="true" signature="tearDown()[pri:0, instance:testCases.TC_001ActRegTest@7fa98a66]" started-at="2025-12-25T17:37:03 IST" name="tearDown" finished-at="2025-12-25T17:37:04 IST" duration-ms="297" status="PASS">
          <reporter-output>
          </reporter-output>
        </test-method> <!-- tearDown -->
      </class> <!-- testCases.TC_001ActRegTest -->
      <class name="testCases.TC_002LoginTest">
        <test-method is-config="true" signature="setUp(java.lang.String,java.lang.String)[pri:0, instance:testCases.TC_002LoginTest@3ce1e309]" started-at="2025-12-25T17:37:04 IST" name="setUp" finished-at="2025-12-25T17:37:06 IST" duration-ms="2441" status="PASS">
          <params>
            <param index="0">
              <value>
                <![CDATA[windows]]>
              </value>
            </param>
            <param index="1">
              <value>
                <![CDATA[chrome]]>
              </value>
            </param>
          </params>
          <reporter-output>
          </reporter-output>
        </test-method> <!-- setUp -->
        <test-method signature="loginTest()[pri:0, instance:testCases.TC_002LoginTest@3ce1e309]" started-at="2025-12-25T17:37:06 IST" name="loginTest" finished-at="2025-12-25T17:37:08 IST" duration-ms="2413" status="PASS">
          <reporter-output>
          </reporter-output>
        </test-method> <!-- loginTest -->
        <test-method is-config="true" signature="tearDown()[pri:0, instance:testCases.TC_002LoginTest@3ce1e309]" started-at="2025-12-25T17:37:08 IST" name="tearDown" finished-at="2025-12-25T17:37:09 IST" duration-ms="273" status="PASS">
          <reporter-output>
          </reporter-output>
        </test-method> <!-- tearDown -->
      </class> <!-- testCases.TC_002LoginTest -->
    </test> <!-- Test -->
  </suite> <!-- Suite -->
</testng-results>
